

Started GET "/photos" for 127.0.0.1 at 2015-01-05 17:20:44 +0000
  [1m[36mActiveRecord::SchemaMigration Load (0.4ms)[0m  [1mSELECT "schema_migrations".* FROM "schema_migrations"[0m

ActiveRecord::PendingMigrationError (

Migrations are pending. To resolve this issue, run:

	bin/rake db:migrate RAILS_ENV=development

):
  activerecord (4.1.8) lib/active_record/migration.rb:389:in `check_pending!'
  activerecord (4.1.8) lib/active_record/migration.rb:377:in `call'
  actionpack (4.1.8) lib/action_dispatch/middleware/callbacks.rb:29:in `block in call'
  activesupport (4.1.8) lib/active_support/callbacks.rb:82:in `run_callbacks'
  actionpack (4.1.8) lib/action_dispatch/middleware/callbacks.rb:27:in `call'
  actionpack (4.1.8) lib/action_dispatch/middleware/reloader.rb:73:in `call'
  actionpack (4.1.8) lib/action_dispatch/middleware/remote_ip.rb:76:in `call'
  actionpack (4.1.8) lib/action_dispatch/middleware/debug_exceptions.rb:17:in `call'
  actionpack (4.1.8) lib/action_dispatch/middleware/show_exceptions.rb:30:in `call'
  railties (4.1.8) lib/rails/rack/logger.rb:38:in `call_app'
  railties (4.1.8) lib/rails/rack/logger.rb:20:in `block in call'
  activesupport (4.1.8) lib/active_support/tagged_logging.rb:68:in `block in tagged'
  activesupport (4.1.8) lib/active_support/tagged_logging.rb:26:in `tagged'
  activesupport (4.1.8) lib/active_support/tagged_logging.rb:68:in `tagged'
  railties (4.1.8) lib/rails/rack/logger.rb:20:in `call'
  actionpack (4.1.8) lib/action_dispatch/middleware/request_id.rb:21:in `call'
  rack (1.5.2) lib/rack/methodoverride.rb:21:in `call'
  rack (1.5.2) lib/rack/runtime.rb:17:in `call'
  activesupport (4.1.8) lib/active_support/cache/strategy/local_cache_middleware.rb:26:in `call'
  rack (1.5.2) lib/rack/lock.rb:17:in `call'
  actionpack (4.1.8) lib/action_dispatch/middleware/static.rb:84:in `call'
  rack (1.5.2) lib/rack/sendfile.rb:112:in `call'
  railties (4.1.8) lib/rails/engine.rb:514:in `call'
  railties (4.1.8) lib/rails/application.rb:144:in `call'
  rack (1.5.2) lib/rack/lock.rb:17:in `call'
  rack (1.5.2) lib/rack/content_length.rb:14:in `call'
  rack (1.5.2) lib/rack/handler/webrick.rb:60:in `service'
  /Users/izzymarkwick/.rvm/rubies/ruby-2.1.1/lib/ruby/2.1.0/webrick/httpserver.rb:138:in `service'
  /Users/izzymarkwick/.rvm/rubies/ruby-2.1.1/lib/ruby/2.1.0/webrick/httpserver.rb:94:in `run'
  /Users/izzymarkwick/.rvm/rubies/ruby-2.1.1/lib/ruby/2.1.0/webrick/server.rb:295:in `block in start_thread'


  Rendered /Users/izzymarkwick/.rvm/gems/ruby-2.1.1/gems/actionpack-4.1.8/lib/action_dispatch/middleware/templates/rescues/_source.erb (0.7ms)
  Rendered /Users/izzymarkwick/.rvm/gems/ruby-2.1.1/gems/actionpack-4.1.8/lib/action_dispatch/middleware/templates/rescues/_trace.html.erb (1.1ms)
  Rendered /Users/izzymarkwick/.rvm/gems/ruby-2.1.1/gems/actionpack-4.1.8/lib/action_dispatch/middleware/templates/rescues/_request_and_response.html.erb (0.9ms)
  Rendered /Users/izzymarkwick/.rvm/gems/ruby-2.1.1/gems/actionpack-4.1.8/lib/action_dispatch/middleware/templates/rescues/diagnostics.erb within rescues/layout (18.9ms)


Started GET "/photos" for 127.0.0.1 at 2015-01-05 17:20:59 +0000
  [1m[36mActiveRecord::SchemaMigration Load (0.4ms)[0m  [1mSELECT "schema_migrations".* FROM "schema_migrations"[0m
Processing by PhotosController#index as HTML
  [1m[35m (0.3ms)[0m  SELECT COUNT(*) FROM "photos"
  [1m[36mPhoto Load (0.2ms)[0m  [1mSELECT "photos".* FROM "photos"[0m
  Rendered photos/index.html.erb within layouts/application (14.4ms)
Completed 200 OK in 444ms (Views: 430.7ms | ActiveRecord: 2.4ms)


Started GET "/assets/jquery.js?body=1" for 127.0.0.1 at 2015-01-05 17:20:59 +0000


Started GET "/assets/photos.css?body=1" for 127.0.0.1 at 2015-01-05 17:21:00 +0000


Started GET "/assets/jquery_ujs.js?body=1" for 127.0.0.1 at 2015-01-05 17:21:00 +0000


Started GET "/assets/photos.js?body=1" for 127.0.0.1 at 2015-01-05 17:21:00 +0000


Started GET "/assets/turbolinks.js?body=1" for 127.0.0.1 at 2015-01-05 17:21:00 +0000


Started GET "/assets/application.css?body=1" for 127.0.0.1 at 2015-01-05 17:21:00 +0000


Started GET "/assets/application.js?body=1" for 127.0.0.1 at 2015-01-05 17:21:00 +0000


Started GET "/photos.2" for 127.0.0.1 at 2015-01-05 17:27:00 +0000
  [1m[36mActiveRecord::SchemaMigration Load (0.3ms)[0m  [1mSELECT "schema_migrations".* FROM "schema_migrations"[0m
Processing by PhotosController#index as 
  [1m[35m (0.3ms)[0m  SELECT COUNT(*) FROM "photos"
  [1m[36mPhoto Load (0.2ms)[0m  [1mSELECT "photos".* FROM "photos"[0m
  Rendered photos/index.html.erb within layouts/application (15.7ms)
Completed 200 OK in 92ms (Views: 80.7ms | ActiveRecord: 2.2ms)


Started GET "/photos.2" for 127.0.0.1 at 2015-01-05 17:28:26 +0000
Processing by PhotosController#index as 
  [1m[35m (0.2ms)[0m  SELECT COUNT(*) FROM "photos"
  [1m[36mPhoto Load (0.2ms)[0m  [1mSELECT "photos".* FROM "photos"[0m
  Rendered photos/index.html.erb within layouts/application (9.7ms)
Completed 200 OK in 44ms (Views: 40.0ms | ActiveRecord: 1.7ms)


Started GET "/assets/photos.css?body=1" for 127.0.0.1 at 2015-01-05 17:28:26 +0000


Started GET "/assets/jquery.js?body=1" for 127.0.0.1 at 2015-01-05 17:28:26 +0000


Started GET "/assets/application.css?body=1" for 127.0.0.1 at 2015-01-05 17:28:26 +0000


Started GET "/assets/jquery_ujs.js?body=1" for 127.0.0.1 at 2015-01-05 17:28:26 +0000


Started GET "/assets/turbolinks.js?body=1" for 127.0.0.1 at 2015-01-05 17:28:26 +0000


Started GET "/assets/application.js?body=1" for 127.0.0.1 at 2015-01-05 17:28:26 +0000


Started GET "/assets/photos.js?body=1" for 127.0.0.1 at 2015-01-05 17:28:26 +0000


Started GET "/photos.2" for 127.0.0.1 at 2015-01-05 17:28:27 +0000
Processing by PhotosController#index as 
  [1m[35m (0.3ms)[0m  SELECT COUNT(*) FROM "photos"
  [1m[36mPhoto Load (0.2ms)[0m  [1mSELECT "photos".* FROM "photos"[0m
  Rendered photos/index.html.erb within layouts/application (3.7ms)
Completed 200 OK in 33ms (Views: 32.5ms | ActiveRecord: 0.5ms)


Started GET "/photos.2" for 127.0.0.1 at 2015-01-05 17:28:31 +0000
Processing by PhotosController#index as 
  [1m[35m (0.3ms)[0m  SELECT COUNT(*) FROM "photos"
  [1m[36mPhoto Load (0.2ms)[0m  [1mSELECT "photos".* FROM "photos"[0m
  Rendered photos/index.html.erb within layouts/application (3.3ms)
Completed 200 OK in 40ms (Views: 38.7ms | ActiveRecord: 0.4ms)


Started GET "/photos.2" for 127.0.0.1 at 2015-01-05 17:29:35 +0000
Processing by PhotosController#index as 
  [1m[35m (0.3ms)[0m  SELECT COUNT(*) FROM "photos"
  [1m[36mPhoto Load (0.2ms)[0m  [1mSELECT "photos".* FROM "photos"[0m
  Rendered photos/index.html.erb within layouts/application (3.7ms)
Completed 200 OK in 32ms (Views: 31.1ms | ActiveRecord: 0.5ms)


Started GET "/assets/photos.css?body=1" for 127.0.0.1 at 2015-01-05 17:29:35 +0000


Started GET "/assets/jquery.js?body=1" for 127.0.0.1 at 2015-01-05 17:29:35 +0000


Started GET "/assets/application.css?body=1" for 127.0.0.1 at 2015-01-05 17:29:35 +0000


Started GET "/assets/jquery_ujs.js?body=1" for 127.0.0.1 at 2015-01-05 17:29:35 +0000


Started GET "/assets/turbolinks.js?body=1" for 127.0.0.1 at 2015-01-05 17:29:35 +0000


Started GET "/assets/application.js?body=1" for 127.0.0.1 at 2015-01-05 17:29:35 +0000


Started GET "/assets/photos.js?body=1" for 127.0.0.1 at 2015-01-05 17:29:35 +0000


Started GET "/photos.2" for 127.0.0.1 at 2015-01-05 17:29:36 +0000
Processing by PhotosController#index as 
  [1m[35m (0.3ms)[0m  SELECT COUNT(*) FROM "photos"
  [1m[36mPhoto Load (0.2ms)[0m  [1mSELECT "photos".* FROM "photos"[0m
  Rendered photos/index.html.erb within layouts/application (3.9ms)
Completed 200 OK in 42ms (Views: 40.5ms | ActiveRecord: 0.5ms)


Started GET "/photos.2" for 127.0.0.1 at 2015-01-05 17:33:15 +0000
  [1m[36mActiveRecord::SchemaMigration Load (0.3ms)[0m  [1mSELECT "schema_migrations".* FROM "schema_migrations"[0m
Processing by PhotosController#index as 
  [1m[35m (0.3ms)[0m  SELECT COUNT(*) FROM "photos"
  [1m[36mPhoto Load (0.2ms)[0m  [1mSELECT "photos".* FROM "photos"[0m
  Rendered photos/index.html.erb within layouts/application (15.9ms)
Completed 200 OK in 80ms (Views: 69.2ms | ActiveRecord: 2.7ms)


Started GET "/assets/photos.css?body=1" for 127.0.0.1 at 2015-01-05 17:33:15 +0000


Started GET "/assets/jquery.js?body=1" for 127.0.0.1 at 2015-01-05 17:33:15 +0000


Started GET "/assets/turbolinks.js?body=1" for 127.0.0.1 at 2015-01-05 17:33:15 +0000


Started GET "/assets/jquery_ujs.js?body=1" for 127.0.0.1 at 2015-01-05 17:33:15 +0000


Started GET "/assets/photos.js?body=1" for 127.0.0.1 at 2015-01-05 17:33:15 +0000


Started GET "/assets/application.css?body=1" for 127.0.0.1 at 2015-01-05 17:33:15 +0000


Started GET "/assets/application.js?body=1" for 127.0.0.1 at 2015-01-05 17:33:15 +0000


Started GET "/photos.2" for 127.0.0.1 at 2015-01-05 17:33:16 +0000
Processing by PhotosController#index as 
  [1m[35m (0.2ms)[0m  SELECT COUNT(*) FROM "photos"
  [1m[36mPhoto Load (0.3ms)[0m  [1mSELECT "photos".* FROM "photos"[0m
  Rendered photos/index.html.erb within layouts/application (3.3ms)
Completed 200 OK in 32ms (Views: 31.0ms | ActiveRecord: 0.5ms)


Started GET "/photos.2" for 127.0.0.1 at 2015-01-05 17:38:21 +0000
Processing by PhotosController#index as 
  [1m[35m (0.3ms)[0m  SELECT COUNT(*) FROM "photos"
  [1m[36mPhoto Load (0.2ms)[0m  [1mSELECT "photos".* FROM "photos"[0m
  Rendered photos/index.html.erb within layouts/application (13.7ms)
Completed 200 OK in 47ms (Views: 45.2ms | ActiveRecord: 0.5ms)


Started GET "/assets/photos.css?body=1" for 127.0.0.1 at 2015-01-05 17:38:21 +0000


Started GET "/assets/jquery.js?body=1" for 127.0.0.1 at 2015-01-05 17:38:22 +0000


Started GET "/assets/jquery_ujs.js?body=1" for 127.0.0.1 at 2015-01-05 17:38:22 +0000


Started GET "/assets/application.css?body=1" for 127.0.0.1 at 2015-01-05 17:38:22 +0000


Started GET "/assets/turbolinks.js?body=1" for 127.0.0.1 at 2015-01-05 17:38:22 +0000


Started GET "/assets/photos.js?body=1" for 127.0.0.1 at 2015-01-05 17:38:22 +0000


Started GET "/assets/application.js?body=1" for 127.0.0.1 at 2015-01-05 17:38:22 +0000


Started GET "/photos.2" for 127.0.0.1 at 2015-01-05 17:38:25 +0000
Processing by PhotosController#index as 
  [1m[35m (0.3ms)[0m  SELECT COUNT(*) FROM "photos"
  [1m[36mPhoto Load (0.3ms)[0m  [1mSELECT "photos".* FROM "photos"[0m
  Rendered photos/index.html.erb within layouts/application (3.4ms)
Completed 200 OK in 41ms (Views: 39.5ms | ActiveRecord: 0.6ms)


Started GET "/photos.2" for 127.0.0.1 at 2015-01-05 17:38:45 +0000
Processing by PhotosController#index as 
  [1m[35m (0.4ms)[0m  SELECT COUNT(*) FROM "photos"
  [1m[36mPhoto Load (0.2ms)[0m  [1mSELECT "photos".* FROM "photos"[0m
  Rendered photos/index.html.erb within layouts/application (5.0ms)
Completed 200 OK in 42ms (Views: 40.4ms | ActiveRecord: 0.6ms)


Started GET "/assets/photos.css?body=1" for 127.0.0.1 at 2015-01-05 17:38:45 +0000


Started GET "/assets/jquery_ujs.js?body=1" for 127.0.0.1 at 2015-01-05 17:38:46 +0000


Started GET "/assets/jquery.js?body=1" for 127.0.0.1 at 2015-01-05 17:38:46 +0000


Started GET "/assets/application.css?body=1" for 127.0.0.1 at 2015-01-05 17:38:46 +0000


Started GET "/assets/turbolinks.js?body=1" for 127.0.0.1 at 2015-01-05 17:38:46 +0000


Started GET "/assets/photos.js?body=1" for 127.0.0.1 at 2015-01-05 17:38:46 +0000


Started GET "/assets/application.js?body=1" for 127.0.0.1 at 2015-01-05 17:38:46 +0000


Started GET "/photos.2" for 127.0.0.1 at 2015-01-05 17:38:48 +0000
Processing by PhotosController#index as 
  [1m[35m (0.3ms)[0m  SELECT COUNT(*) FROM "photos"
  [1m[36mPhoto Load (0.2ms)[0m  [1mSELECT "photos".* FROM "photos"[0m
  Rendered photos/index.html.erb within layouts/application (3.4ms)
Completed 200 OK in 39ms (Views: 38.2ms | ActiveRecord: 0.5ms)


Started GET "/photos.2" for 127.0.0.1 at 2015-01-05 17:48:47 +0000
Processing by PhotosController#index as 
  [1m[35m (0.3ms)[0m  SELECT COUNT(*) FROM "photos"
  [1m[36mPhoto Load (0.2ms)[0m  [1mSELECT "photos".* FROM "photos"[0m
  Rendered photos/index.html.erb within layouts/application (3.2ms)
Completed 200 OK in 35ms (Views: 34.4ms | ActiveRecord: 0.5ms)


Started GET "/photos.2" for 127.0.0.1 at 2015-01-05 17:49:04 +0000
Processing by PhotosController#index as 
  [1m[35m (0.3ms)[0m  SELECT COUNT(*) FROM "photos"
  [1m[36mPhoto Load (0.2ms)[0m  [1mSELECT "photos".* FROM "photos"[0m
  Rendered photos/index.html.erb within layouts/application (3.5ms)
Completed 200 OK in 45ms (Views: 43.8ms | ActiveRecord: 0.5ms)


Started GET "/photos.2" for 127.0.0.1 at 2015-01-05 17:49:09 +0000
Processing by PhotosController#index as 
  [1m[35m (0.3ms)[0m  SELECT COUNT(*) FROM "photos"
  [1m[36mPhoto Load (0.2ms)[0m  [1mSELECT "photos".* FROM "photos"[0m
  Rendered photos/index.html.erb within layouts/application (3.2ms)
Completed 200 OK in 37ms (Views: 36.0ms | ActiveRecord: 0.5ms)


Started GET "/photos.2" for 127.0.0.1 at 2015-01-05 17:52:18 +0000
Processing by PhotosController#index as 
  [1m[35m (0.6ms)[0m  SELECT COUNT(*) FROM "photos"
  [1m[36mPhoto Load (0.4ms)[0m  [1mSELECT "photos".* FROM "photos"[0m
  Rendered photos/index.html.erb within layouts/application (6.2ms)
Completed 200 OK in 62ms (Views: 60.3ms | ActiveRecord: 1.0ms)


Started GET "/photos/1" for 127.0.0.1 at 2015-01-05 17:52:31 +0000
Processing by PhotosController#show as HTML
  Parameters: {"id"=>"1"}
  [1m[35mPhoto Load (0.4ms)[0m  SELECT  "photos".* FROM "photos"  WHERE "photos"."id" = $1 LIMIT 1  [["id", 1]]
  Rendered photos/show.html.erb within layouts/application (2.2ms)
Completed 200 OK in 55ms (Views: 51.0ms | ActiveRecord: 0.6ms)


Started GET "/" for 127.0.0.1 at 2015-01-05 17:53:22 +0000
  [1m[36mActiveRecord::SchemaMigration Load (0.5ms)[0m  [1mSELECT "schema_migrations".* FROM "schema_migrations"[0m
Processing by PhotosController#index as HTML
  [1m[35m (0.3ms)[0m  SELECT COUNT(*) FROM "photos"
  [1m[36mPhoto Load (0.2ms)[0m  [1mSELECT "photos".* FROM "photos"[0m
  Rendered photos/index.html.erb within layouts/application (17.4ms)
Completed 200 OK in 121ms (Views: 106.9ms | ActiveRecord: 2.3ms)


Started GET "/assets/photos.css?body=1" for 127.0.0.1 at 2015-01-05 17:53:22 +0000


Started GET "/assets/jquery_ujs.js?body=1" for 127.0.0.1 at 2015-01-05 17:53:22 +0000


Started GET "/assets/jquery.js?body=1" for 127.0.0.1 at 2015-01-05 17:53:22 +0000


Started GET "/assets/application.css?body=1" for 127.0.0.1 at 2015-01-05 17:53:22 +0000


Started GET "/assets/application.js?body=1" for 127.0.0.1 at 2015-01-05 17:53:22 +0000


Started GET "/assets/photos.js?body=1" for 127.0.0.1 at 2015-01-05 17:53:22 +0000


Started GET "/assets/turbolinks.js?body=1" for 127.0.0.1 at 2015-01-05 17:53:22 +0000


Started GET "/photos/2" for 127.0.0.1 at 2015-01-05 17:53:24 +0000
Processing by PhotosController#show as HTML
  Parameters: {"id"=>"2"}
  [1m[35mPhoto Load (0.3ms)[0m  SELECT  "photos".* FROM "photos"  WHERE "photos"."id" = $1 LIMIT 1  [["id", 2]]
  Rendered photos/show.html.erb within layouts/application (1.9ms)
Completed 200 OK in 49ms (Views: 45.9ms | ActiveRecord: 0.5ms)


Started GET "/photos/2" for 127.0.0.1 at 2015-01-05 17:55:29 +0000
Processing by PhotosController#show as HTML
  Parameters: {"id"=>"2"}
  [1m[36mPhoto Load (0.8ms)[0m  [1mSELECT  "photos".* FROM "photos"  WHERE "photos"."id" = $1 LIMIT 1[0m  [["id", 2]]
  Rendered photos/show.html.erb within layouts/application (1.3ms)
Completed 200 OK in 38ms (Views: 35.2ms | ActiveRecord: 0.8ms)


Started GET "/assets/photos.css?body=1" for 127.0.0.1 at 2015-01-05 17:55:29 +0000


Started GET "/assets/jquery.js?body=1" for 127.0.0.1 at 2015-01-05 17:55:29 +0000


Started GET "/assets/application.css?body=1" for 127.0.0.1 at 2015-01-05 17:55:29 +0000


Started GET "/assets/application.js?body=1" for 127.0.0.1 at 2015-01-05 17:55:29 +0000


Started GET "/assets/jquery_ujs.js?body=1" for 127.0.0.1 at 2015-01-05 17:55:30 +0000


Started GET "/assets/turbolinks.js?body=1" for 127.0.0.1 at 2015-01-05 17:55:30 +0000


Started GET "/assets/photos.js?body=1" for 127.0.0.1 at 2015-01-05 17:55:30 +0000


Started GET "/" for 127.0.0.1 at 2015-01-05 17:56:12 +0000
  [1m[36mActiveRecord::SchemaMigration Load (0.4ms)[0m  [1mSELECT "schema_migrations".* FROM "schema_migrations"[0m
Processing by PhotosController#index as HTML
  [1m[35m (0.3ms)[0m  SELECT COUNT(*) FROM "photos"
  [1m[36mPhoto Load (0.2ms)[0m  [1mSELECT "photos".* FROM "photos"[0m
  Rendered photos/index.html.erb within layouts/application (15.9ms)
Completed 200 OK in 90ms (Views: 78.8ms | ActiveRecord: 2.1ms)


Started GET "/assets/photos.css?body=1" for 127.0.0.1 at 2015-01-05 17:56:13 +0000


Started GET "/assets/jquery.js?body=1" for 127.0.0.1 at 2015-01-05 17:56:13 +0000


Started GET "/assets/turbolinks.js?body=1" for 127.0.0.1 at 2015-01-05 17:56:13 +0000


Started GET "/assets/application.js?body=1" for 127.0.0.1 at 2015-01-05 17:56:13 +0000


Started GET "/assets/application.css?body=1" for 127.0.0.1 at 2015-01-05 17:56:13 +0000


Started GET "/assets/jquery_ujs.js?body=1" for 127.0.0.1 at 2015-01-05 17:56:13 +0000


Started GET "/assets/photos.js?body=1" for 127.0.0.1 at 2015-01-05 17:56:13 +0000


Started GET "/photos/2" for 127.0.0.1 at 2015-01-05 17:56:15 +0000
Processing by PhotosController#show as HTML
  Parameters: {"id"=>"2"}
  [1m[35mPhoto Load (0.3ms)[0m  SELECT  "photos".* FROM "photos"  WHERE "photos"."id" = $1 LIMIT 1  [["id", 2]]
  Rendered photos/show.html.erb within layouts/application (1.2ms)
Completed 200 OK in 42ms (Views: 38.9ms | ActiveRecord: 0.5ms)


Started GET "/" for 127.0.0.1 at 2015-01-05 17:56:30 +0000
Processing by PhotosController#index as HTML
  [1m[36m (0.1ms)[0m  [1mSELECT COUNT(*) FROM "photos"[0m
  [1m[35mPhoto Load (0.2ms)[0m  SELECT "photos".* FROM "photos"
  Rendered photos/index.html.erb within layouts/application (9.7ms)
Completed 200 OK in 41ms (Views: 36.8ms | ActiveRecord: 1.8ms)


Started GET "/assets/photos.css?body=1" for 127.0.0.1 at 2015-01-05 17:56:30 +0000


Started GET "/assets/jquery.js?body=1" for 127.0.0.1 at 2015-01-05 17:56:30 +0000


Started GET "/assets/photos.js?body=1" for 127.0.0.1 at 2015-01-05 17:56:30 +0000


Started GET "/assets/jquery_ujs.js?body=1" for 127.0.0.1 at 2015-01-05 17:56:30 +0000


Started GET "/assets/application.js?body=1" for 127.0.0.1 at 2015-01-05 17:56:30 +0000


Started GET "/assets/turbolinks.js?body=1" for 127.0.0.1 at 2015-01-05 17:56:30 +0000


Started GET "/assets/application.css?body=1" for 127.0.0.1 at 2015-01-05 17:56:30 +0000


Started GET "/photos/2" for 127.0.0.1 at 2015-01-05 17:56:32 +0000
Processing by PhotosController#show as HTML
  Parameters: {"id"=>"2"}
  [1m[36mPhoto Load (0.3ms)[0m  [1mSELECT  "photos".* FROM "photos"  WHERE "photos"."id" = $1 LIMIT 1[0m  [["id", 2]]
  Rendered photos/show.html.erb within layouts/application (0.8ms)
Completed 200 OK in 31ms (Views: 29.2ms | ActiveRecord: 0.3ms)


Started GET "/photos/2" for 127.0.0.1 at 2015-01-05 17:57:45 +0000
Processing by PhotosController#show as HTML
  Parameters: {"id"=>"2"}
  [1m[35mPhoto Load (0.3ms)[0m  SELECT  "photos".* FROM "photos"  WHERE "photos"."id" = $1 LIMIT 1  [["id", 2]]
  Rendered photos/show.html.erb within layouts/application (1.2ms)
Completed 200 OK in 38ms (Views: 36.1ms | ActiveRecord: 0.3ms)


Started GET "/assets/jquery_ujs.js?body=1" for 127.0.0.1 at 2015-01-05 17:57:45 +0000


Started GET "/assets/photos.js?body=1" for 127.0.0.1 at 2015-01-05 17:57:45 +0000


Started GET "/assets/turbolinks.js?body=1" for 127.0.0.1 at 2015-01-05 17:57:45 +0000


Started GET "/assets/application.css?body=1" for 127.0.0.1 at 2015-01-05 17:57:45 +0000


Started GET "/assets/jquery.js?body=1" for 127.0.0.1 at 2015-01-05 17:57:45 +0000


Started GET "/assets/photos.css?body=1" for 127.0.0.1 at 2015-01-05 17:57:45 +0000


Started GET "/assets/application.js?body=1" for 127.0.0.1 at 2015-01-05 17:57:45 +0000


Started GET "/" for 127.0.0.1 at 2015-01-05 18:04:22 +0000
Processing by PhotosController#index as HTML
  [1m[36m (0.5ms)[0m  [1mSELECT COUNT(*) FROM "photos"[0m
  [1m[35mPhoto Load (0.2ms)[0m  SELECT "photos".* FROM "photos"
  Rendered photos/index.html.erb within layouts/application (4.4ms)
Completed 200 OK in 30ms (Views: 29.1ms | ActiveRecord: 0.8ms)


Started GET "/photos/2" for 127.0.0.1 at 2015-01-05 18:04:23 +0000
Processing by PhotosController#show as HTML
  Parameters: {"id"=>"2"}
  [1m[36mPhoto Load (0.4ms)[0m  [1mSELECT  "photos".* FROM "photos"  WHERE "photos"."id" = $1 LIMIT 1[0m  [["id", 2]]
  Rendered photos/show.html.erb within layouts/application (0.9ms)
Completed 200 OK in 27ms (Views: 24.7ms | ActiveRecord: 0.4ms)


Started GET "/" for 127.0.0.1 at 2015-01-05 18:07:56 +0000
Processing by PhotosController#index as HTML
  [1m[35m (1.7ms)[0m  SELECT COUNT(*) FROM "photos"
  [1m[36mPhoto Load (0.3ms)[0m  [1mSELECT "photos".* FROM "photos"[0m
  Rendered photos/index.html.erb within layouts/application (7.6ms)
Completed 200 OK in 31ms (Views: 27.9ms | ActiveRecord: 2.1ms)


Started GET "/assets/application.css?body=1" for 127.0.0.1 at 2015-01-05 18:07:56 +0000


Started GET "/assets/jquery.js?body=1" for 127.0.0.1 at 2015-01-05 18:07:56 +0000


Started GET "/assets/photos.css?body=1" for 127.0.0.1 at 2015-01-05 18:07:56 +0000


Started GET "/assets/jquery_ujs.js?body=1" for 127.0.0.1 at 2015-01-05 18:07:56 +0000


Started GET "/assets/turbolinks.js?body=1" for 127.0.0.1 at 2015-01-05 18:07:56 +0000


Started GET "/assets/application.js?body=1" for 127.0.0.1 at 2015-01-05 18:07:56 +0000


Started GET "/assets/photos.js?body=1" for 127.0.0.1 at 2015-01-05 18:07:56 +0000


Started GET "/photos/1" for 127.0.0.1 at 2015-01-05 18:07:59 +0000
Processing by PhotosController#show as HTML
  Parameters: {"id"=>"1"}
  [1m[35mPhoto Load (0.2ms)[0m  SELECT  "photos".* FROM "photos"  WHERE "photos"."id" = $1 LIMIT 1  [["id", 1]]
  Rendered photos/show.html.erb within layouts/application (0.8ms)
Completed 200 OK in 25ms (Views: 23.7ms | ActiveRecord: 0.2ms)


Started GET "/" for 127.0.0.1 at 2015-01-05 18:11:58 +0000
Processing by PhotosController#index as HTML
  [1m[36m (0.6ms)[0m  [1mSELECT COUNT(*) FROM "photos"[0m
  [1m[35mPhoto Load (0.3ms)[0m  SELECT "photos".* FROM "photos"
  Rendered photos/index.html.erb within layouts/application (5.5ms)
Completed 200 OK in 51ms (Views: 49.1ms | ActiveRecord: 0.9ms)


Started GET "/assets/photos.css?body=1" for 127.0.0.1 at 2015-01-05 18:11:58 +0000


Started GET "/assets/application.css?body=1" for 127.0.0.1 at 2015-01-05 18:11:58 +0000


Started GET "/assets/jquery_ujs.js?body=1" for 127.0.0.1 at 2015-01-05 18:11:58 +0000


Started GET "/assets/photos.js?body=1" for 127.0.0.1 at 2015-01-05 18:11:58 +0000


Started GET "/assets/turbolinks.js?body=1" for 127.0.0.1 at 2015-01-05 18:11:58 +0000


Started GET "/assets/jquery.js?body=1" for 127.0.0.1 at 2015-01-05 18:11:58 +0000


Started GET "/assets/application.js?body=1" for 127.0.0.1 at 2015-01-05 18:11:58 +0000


Started GET "/photos/new" for 127.0.0.1 at 2015-01-05 18:12:15 +0000
Processing by PhotosController#new as HTML
  Rendered photos/new.html.erb within layouts/application (13.2ms)
Completed 200 OK in 39ms (Views: 38.8ms | ActiveRecord: 0.0ms)


Started GET "/" for 127.0.0.1 at 2015-01-05 18:39:40 +0000
  [1m[36mActiveRecord::SchemaMigration Load (0.3ms)[0m  [1mSELECT "schema_migrations".* FROM "schema_migrations"[0m
Processing by PhotosController#index as HTML
  [1m[35m (0.3ms)[0m  SELECT COUNT(*) FROM "photos"
  [1m[36mPhoto Load (0.2ms)[0m  [1mSELECT "photos".* FROM "photos"[0m
  Rendered photos/index.html.erb within layouts/application (13.7ms)
Completed 200 OK in 87ms (Views: 75.7ms | ActiveRecord: 2.2ms)


Started GET "/assets/photos.css?body=1" for 127.0.0.1 at 2015-01-05 18:39:41 +0000


Started GET "/assets/application.css?body=1" for 127.0.0.1 at 2015-01-05 18:39:41 +0000


Started GET "/assets/application.js?body=1" for 127.0.0.1 at 2015-01-05 18:39:41 +0000


Started GET "/assets/photos.js?body=1" for 127.0.0.1 at 2015-01-05 18:39:41 +0000


Started GET "/assets/jquery_ujs.js?body=1" for 127.0.0.1 at 2015-01-05 18:39:41 +0000


Started GET "/assets/turbolinks.js?body=1" for 127.0.0.1 at 2015-01-05 18:39:41 +0000


Started GET "/assets/jquery.js?body=1" for 127.0.0.1 at 2015-01-05 18:39:41 +0000


Started GET "/photos/2/edit" for 127.0.0.1 at 2015-01-05 18:39:44 +0000

AbstractController::ActionNotFound (The action 'edit' could not be found for PhotosController):
  actionpack (4.1.8) lib/abstract_controller/base.rb:131:in `process'
  actionview (4.1.8) lib/action_view/rendering.rb:30:in `process'
  actionpack (4.1.8) lib/action_controller/metal.rb:196:in `dispatch'
  actionpack (4.1.8) lib/action_controller/metal/rack_delegation.rb:13:in `dispatch'
  actionpack (4.1.8) lib/action_controller/metal.rb:232:in `block in action'
  actionpack (4.1.8) lib/action_dispatch/routing/route_set.rb:82:in `call'
  actionpack (4.1.8) lib/action_dispatch/routing/route_set.rb:82:in `dispatch'
  actionpack (4.1.8) lib/action_dispatch/routing/route_set.rb:50:in `call'
  actionpack (4.1.8) lib/action_dispatch/journey/router.rb:73:in `block in call'
  actionpack (4.1.8) lib/action_dispatch/journey/router.rb:59:in `each'
  actionpack (4.1.8) lib/action_dispatch/journey/router.rb:59:in `call'
  actionpack (4.1.8) lib/action_dispatch/routing/route_set.rb:678:in `call'
  rack (1.5.2) lib/rack/etag.rb:23:in `call'
  rack (1.5.2) lib/rack/conditionalget.rb:25:in `call'
  rack (1.5.2) lib/rack/head.rb:11:in `call'
  actionpack (4.1.8) lib/action_dispatch/middleware/params_parser.rb:27:in `call'
  actionpack (4.1.8) lib/action_dispatch/middleware/flash.rb:254:in `call'
  rack (1.5.2) lib/rack/session/abstract/id.rb:225:in `context'
  rack (1.5.2) lib/rack/session/abstract/id.rb:220:in `call'
  actionpack (4.1.8) lib/action_dispatch/middleware/cookies.rb:560:in `call'
  activerecord (4.1.8) lib/active_record/query_cache.rb:36:in `call'
  activerecord (4.1.8) lib/active_record/connection_adapters/abstract/connection_pool.rb:621:in `call'
  activerecord (4.1.8) lib/active_record/migration.rb:380:in `call'
  actionpack (4.1.8) lib/action_dispatch/middleware/callbacks.rb:29:in `block in call'
  activesupport (4.1.8) lib/active_support/callbacks.rb:82:in `run_callbacks'
  actionpack (4.1.8) lib/action_dispatch/middleware/callbacks.rb:27:in `call'
  actionpack (4.1.8) lib/action_dispatch/middleware/reloader.rb:73:in `call'
  actionpack (4.1.8) lib/action_dispatch/middleware/remote_ip.rb:76:in `call'
  actionpack (4.1.8) lib/action_dispatch/middleware/debug_exceptions.rb:17:in `call'
  actionpack (4.1.8) lib/action_dispatch/middleware/show_exceptions.rb:30:in `call'
  railties (4.1.8) lib/rails/rack/logger.rb:38:in `call_app'
  railties (4.1.8) lib/rails/rack/logger.rb:20:in `block in call'
  activesupport (4.1.8) lib/active_support/tagged_logging.rb:68:in `block in tagged'
  activesupport (4.1.8) lib/active_support/tagged_logging.rb:26:in `tagged'
  activesupport (4.1.8) lib/active_support/tagged_logging.rb:68:in `tagged'
  railties (4.1.8) lib/rails/rack/logger.rb:20:in `call'
  actionpack (4.1.8) lib/action_dispatch/middleware/request_id.rb:21:in `call'
  rack (1.5.2) lib/rack/methodoverride.rb:21:in `call'
  rack (1.5.2) lib/rack/runtime.rb:17:in `call'
  activesupport (4.1.8) lib/active_support/cache/strategy/local_cache_middleware.rb:26:in `call'
  rack (1.5.2) lib/rack/lock.rb:17:in `call'
  actionpack (4.1.8) lib/action_dispatch/middleware/static.rb:84:in `call'
  rack (1.5.2) lib/rack/sendfile.rb:112:in `call'
  railties (4.1.8) lib/rails/engine.rb:514:in `call'
  railties (4.1.8) lib/rails/application.rb:144:in `call'
  rack (1.5.2) lib/rack/lock.rb:17:in `call'
  rack (1.5.2) lib/rack/content_length.rb:14:in `call'
  rack (1.5.2) lib/rack/handler/webrick.rb:60:in `service'
  /Users/izzymarkwick/.rvm/rubies/ruby-2.1.1/lib/ruby/2.1.0/webrick/httpserver.rb:138:in `service'
  /Users/izzymarkwick/.rvm/rubies/ruby-2.1.1/lib/ruby/2.1.0/webrick/httpserver.rb:94:in `run'
  /Users/izzymarkwick/.rvm/rubies/ruby-2.1.1/lib/ruby/2.1.0/webrick/server.rb:295:in `block in start_thread'


  Rendered /Users/izzymarkwick/.rvm/gems/ruby-2.1.1/gems/actionpack-4.1.8/lib/action_dispatch/middleware/templates/rescues/unknown_action.html.erb within rescues/layout (0.4ms)


Started GET "/photos/2/edit" for 127.0.0.1 at 2015-01-05 18:39:44 +0000

AbstractController::ActionNotFound (The action 'edit' could not be found for PhotosController):
  actionpack (4.1.8) lib/abstract_controller/base.rb:131:in `process'
  actionview (4.1.8) lib/action_view/rendering.rb:30:in `process'
  actionpack (4.1.8) lib/action_controller/metal.rb:196:in `dispatch'
  actionpack (4.1.8) lib/action_controller/metal/rack_delegation.rb:13:in `dispatch'
  actionpack (4.1.8) lib/action_controller/metal.rb:232:in `block in action'
  actionpack (4.1.8) lib/action_dispatch/routing/route_set.rb:82:in `call'
  actionpack (4.1.8) lib/action_dispatch/routing/route_set.rb:82:in `dispatch'
  actionpack (4.1.8) lib/action_dispatch/routing/route_set.rb:50:in `call'
  actionpack (4.1.8) lib/action_dispatch/journey/router.rb:73:in `block in call'
  actionpack (4.1.8) lib/action_dispatch/journey/router.rb:59:in `each'
  actionpack (4.1.8) lib/action_dispatch/journey/router.rb:59:in `call'
  actionpack (4.1.8) lib/action_dispatch/routing/route_set.rb:678:in `call'
  rack (1.5.2) lib/rack/etag.rb:23:in `call'
  rack (1.5.2) lib/rack/conditionalget.rb:25:in `call'
  rack (1.5.2) lib/rack/head.rb:11:in `call'
  actionpack (4.1.8) lib/action_dispatch/middleware/params_parser.rb:27:in `call'
  actionpack (4.1.8) lib/action_dispatch/middleware/flash.rb:254:in `call'
  rack (1.5.2) lib/rack/session/abstract/id.rb:225:in `context'
  rack (1.5.2) lib/rack/session/abstract/id.rb:220:in `call'
  actionpack (4.1.8) lib/action_dispatch/middleware/cookies.rb:560:in `call'
  activerecord (4.1.8) lib/active_record/query_cache.rb:36:in `call'
  activerecord (4.1.8) lib/active_record/connection_adapters/abstract/connection_pool.rb:621:in `call'
  activerecord (4.1.8) lib/active_record/migration.rb:380:in `call'
  actionpack (4.1.8) lib/action_dispatch/middleware/callbacks.rb:29:in `block in call'
  activesupport (4.1.8) lib/active_support/callbacks.rb:82:in `run_callbacks'
  actionpack (4.1.8) lib/action_dispatch/middleware/callbacks.rb:27:in `call'
  actionpack (4.1.8) lib/action_dispatch/middleware/reloader.rb:73:in `call'
  actionpack (4.1.8) lib/action_dispatch/middleware/remote_ip.rb:76:in `call'
  actionpack (4.1.8) lib/action_dispatch/middleware/debug_exceptions.rb:17:in `call'
  actionpack (4.1.8) lib/action_dispatch/middleware/show_exceptions.rb:30:in `call'
  railties (4.1.8) lib/rails/rack/logger.rb:38:in `call_app'
  railties (4.1.8) lib/rails/rack/logger.rb:20:in `block in call'
  activesupport (4.1.8) lib/active_support/tagged_logging.rb:68:in `block in tagged'
  activesupport (4.1.8) lib/active_support/tagged_logging.rb:26:in `tagged'
  activesupport (4.1.8) lib/active_support/tagged_logging.rb:68:in `tagged'
  railties (4.1.8) lib/rails/rack/logger.rb:20:in `call'
  actionpack (4.1.8) lib/action_dispatch/middleware/request_id.rb:21:in `call'
  rack (1.5.2) lib/rack/methodoverride.rb:21:in `call'
  rack (1.5.2) lib/rack/runtime.rb:17:in `call'
  activesupport (4.1.8) lib/active_support/cache/strategy/local_cache_middleware.rb:26:in `call'
  rack (1.5.2) lib/rack/lock.rb:17:in `call'
  actionpack (4.1.8) lib/action_dispatch/middleware/static.rb:84:in `call'
  rack (1.5.2) lib/rack/sendfile.rb:112:in `call'
  railties (4.1.8) lib/rails/engine.rb:514:in `call'
  railties (4.1.8) lib/rails/application.rb:144:in `call'
  rack (1.5.2) lib/rack/lock.rb:17:in `call'
  rack (1.5.2) lib/rack/content_length.rb:14:in `call'
  rack (1.5.2) lib/rack/handler/webrick.rb:60:in `service'
  /Users/izzymarkwick/.rvm/rubies/ruby-2.1.1/lib/ruby/2.1.0/webrick/httpserver.rb:138:in `service'
  /Users/izzymarkwick/.rvm/rubies/ruby-2.1.1/lib/ruby/2.1.0/webrick/httpserver.rb:94:in `run'
  /Users/izzymarkwick/.rvm/rubies/ruby-2.1.1/lib/ruby/2.1.0/webrick/server.rb:295:in `block in start_thread'


  Rendered /Users/izzymarkwick/.rvm/gems/ruby-2.1.1/gems/actionpack-4.1.8/lib/action_dispatch/middleware/templates/rescues/unknown_action.html.erb within rescues/layout (0.6ms)


Started GET "/" for 127.0.0.1 at 2015-01-05 18:56:26 +0000
  [1m[36mActiveRecord::SchemaMigration Load (0.3ms)[0m  [1mSELECT "schema_migrations".* FROM "schema_migrations"[0m
Processing by PhotosController#index as HTML
  [1m[35m (0.3ms)[0m  SELECT COUNT(*) FROM "photos"
  [1m[36mPhoto Load (0.2ms)[0m  [1mSELECT "photos".* FROM "photos"[0m
  Rendered photos/index.html.erb within layouts/application (13.0ms)
Completed 200 OK in 78ms (Views: 67.0ms | ActiveRecord: 2.1ms)


Started GET "/assets/photos.css?body=1" for 127.0.0.1 at 2015-01-05 18:56:27 +0000


Started GET "/assets/photos.js?body=1" for 127.0.0.1 at 2015-01-05 18:56:27 +0000


Started GET "/assets/jquery_ujs.js?body=1" for 127.0.0.1 at 2015-01-05 18:56:27 +0000


Started GET "/assets/application.css?body=1" for 127.0.0.1 at 2015-01-05 18:56:27 +0000


Started GET "/assets/jquery.js?body=1" for 127.0.0.1 at 2015-01-05 18:56:27 +0000


Started GET "/assets/turbolinks.js?body=1" for 127.0.0.1 at 2015-01-05 18:56:27 +0000


Started GET "/assets/application.js?body=1" for 127.0.0.1 at 2015-01-05 18:56:27 +0000


Started GET "/photos/1/edit" for 127.0.0.1 at 2015-01-05 18:56:30 +0000
Processing by PhotosController#edit as HTML
  Parameters: {"id"=>"1"}
  [1m[35mPhoto Load (0.3ms)[0m  SELECT  "photos".* FROM "photos"  WHERE "photos"."id" = $1 LIMIT 1  [["id", 1]]
  Rendered photos/edit.html.erb within layouts/application (14.2ms)
Completed 200 OK in 54ms (Views: 51.2ms | ActiveRecord: 0.5ms)


Started PATCH "/photos/1" for 127.0.0.1 at 2015-01-05 18:56:33 +0000
Processing by PhotosController#update as HTML
  Parameters: {"utf8"=>"✓", "authenticity_token"=>"9ecHknCUmdsv1wKeGIMztBs6ZbKGleuuV6driOjsxOk=", "photo"=>{"comment"=>"Hola"}, "commit"=>"Post Comment", "id"=>"1"}
  [1m[36mPhoto Load (0.3ms)[0m  [1mSELECT  "photos".* FROM "photos"  WHERE "photos"."id" = $1 LIMIT 1[0m  [["id", 1]]
  [1m[35m (0.1ms)[0m  BEGIN
  [1m[36m (0.1ms)[0m  [1mCOMMIT[0m
Redirected to http://localhost:3000/photos
Completed 302 Found in 3ms (ActiveRecord: 0.4ms)


Started GET "/photos" for 127.0.0.1 at 2015-01-05 18:56:33 +0000
Processing by PhotosController#index as HTML
  [1m[35m (0.3ms)[0m  SELECT COUNT(*) FROM "photos"
  [1m[36mPhoto Load (0.2ms)[0m  [1mSELECT "photos".* FROM "photos"[0m
  Rendered photos/index.html.erb within layouts/application (3.4ms)
Completed 200 OK in 34ms (Views: 33.0ms | ActiveRecord: 0.4ms)


Started GET "/assets/photos.css?body=1" for 127.0.0.1 at 2015-01-05 18:56:33 +0000


Started GET "/assets/jquery.js?body=1" for 127.0.0.1 at 2015-01-05 18:56:33 +0000


Started GET "/assets/application.css?body=1" for 127.0.0.1 at 2015-01-05 18:56:33 +0000


Started GET "/assets/turbolinks.js?body=1" for 127.0.0.1 at 2015-01-05 18:56:33 +0000


Started GET "/assets/photos.js?body=1" for 127.0.0.1 at 2015-01-05 18:56:33 +0000


Started GET "/assets/jquery_ujs.js?body=1" for 127.0.0.1 at 2015-01-05 18:56:33 +0000


Started GET "/assets/application.js?body=1" for 127.0.0.1 at 2015-01-05 18:56:33 +0000


Started GET "/" for 127.0.0.1 at 2015-01-05 20:03:18 +0000
  [1m[36mActiveRecord::SchemaMigration Load (0.3ms)[0m  [1mSELECT "schema_migrations".* FROM "schema_migrations"[0m
Processing by PhotosController#index as HTML
  [1m[35m (0.3ms)[0m  SELECT COUNT(*) FROM "photos"
  [1m[36mPhoto Load (0.2ms)[0m  [1mSELECT "photos".* FROM "photos"[0m
  Rendered photos/index.html.erb within layouts/application (13.1ms)
Completed 200 OK in 85ms (Views: 74.4ms | ActiveRecord: 2.1ms)


Started GET "/assets/application.css?body=1" for 127.0.0.1 at 2015-01-05 20:03:18 +0000


Started GET "/assets/jquery.js?body=1" for 127.0.0.1 at 2015-01-05 20:03:18 +0000


Started GET "/assets/photos.css?body=1" for 127.0.0.1 at 2015-01-05 20:03:18 +0000


Started GET "/assets/jquery_ujs.js?body=1" for 127.0.0.1 at 2015-01-05 20:03:18 +0000


Started GET "/assets/photos.js?body=1" for 127.0.0.1 at 2015-01-05 20:03:18 +0000


Started GET "/assets/turbolinks.js?body=1" for 127.0.0.1 at 2015-01-05 20:03:18 +0000


Started GET "/assets/application.js?body=1" for 127.0.0.1 at 2015-01-05 20:03:18 +0000


Started DELETE "/photos/1" for 127.0.0.1 at 2015-01-05 20:03:23 +0000
Processing by PhotosController#destroy as HTML
  Parameters: {"authenticity_token"=>"9ecHknCUmdsv1wKeGIMztBs6ZbKGleuuV6driOjsxOk=", "id"=>"1"}
  [1m[35mPhoto Load (0.3ms)[0m  SELECT  "photos".* FROM "photos"  WHERE "photos"."id" = $1 LIMIT 1  [["id", 1]]
  [1m[36m (0.1ms)[0m  [1mBEGIN[0m
[AWS S3 200 2.527778 3 retries] head_object(:bucket_name=>"izinstagram",:key=>"photos/pictures/000/000/001/original/IMG_2313.JPG") SocketError getaddrinfo: nodename nor servname provided, or not known

  [1m[35m (0.3ms)[0m  ROLLBACK
Completed 500 Internal Server Error in 2723ms

SocketError (getaddrinfo: nodename nor servname provided, or not known):
  app/controllers/photos_controller.rb:36:in `destroy'


  Rendered /Users/izzymarkwick/.rvm/gems/ruby-2.1.1/gems/actionpack-4.1.8/lib/action_dispatch/middleware/templates/rescues/_source.erb (0.6ms)
  Rendered /Users/izzymarkwick/.rvm/gems/ruby-2.1.1/gems/actionpack-4.1.8/lib/action_dispatch/middleware/templates/rescues/_trace.html.erb (1.5ms)
  Rendered /Users/izzymarkwick/.rvm/gems/ruby-2.1.1/gems/actionpack-4.1.8/lib/action_dispatch/middleware/templates/rescues/_request_and_response.html.erb (1.6ms)
  Rendered /Users/izzymarkwick/.rvm/gems/ruby-2.1.1/gems/actionpack-4.1.8/lib/action_dispatch/middleware/templates/rescues/diagnostics.erb within rescues/layout (19.9ms)


Started DELETE "/photos/1" for 127.0.0.1 at 2015-01-05 20:04:23 +0000
Processing by PhotosController#destroy as HTML
  Parameters: {"authenticity_token"=>"9ecHknCUmdsv1wKeGIMztBs6ZbKGleuuV6driOjsxOk=", "id"=>"1"}
  [1m[36mPhoto Load (0.2ms)[0m  [1mSELECT  "photos".* FROM "photos"  WHERE "photos"."id" = $1 LIMIT 1[0m  [["id", 1]]
  [1m[35mSQL (6.5ms)[0m  DELETE FROM "photos" WHERE "photos"."id" = 1
Redirected to http://localhost:3000/photos
Completed 302 Found in 23ms (ActiveRecord: 8.1ms)


Started GET "/photos" for 127.0.0.1 at 2015-01-05 20:04:23 +0000
Processing by PhotosController#index as HTML
  [1m[36m (0.2ms)[0m  [1mSELECT COUNT(*) FROM "photos"[0m
  [1m[35mPhoto Load (0.3ms)[0m  SELECT "photos".* FROM "photos"
  Rendered photos/index.html.erb within layouts/application (3.4ms)
Completed 200 OK in 29ms (Views: 28.1ms | ActiveRecord: 0.5ms)


Started GET "/assets/photos.css?body=1" for 127.0.0.1 at 2015-01-05 20:04:23 +0000


Started GET "/assets/jquery_ujs.js?body=1" for 127.0.0.1 at 2015-01-05 20:04:23 +0000


Started GET "/assets/application.css?body=1" for 127.0.0.1 at 2015-01-05 20:04:23 +0000


Started GET "/assets/jquery.js?body=1" for 127.0.0.1 at 2015-01-05 20:04:23 +0000


Started GET "/assets/turbolinks.js?body=1" for 127.0.0.1 at 2015-01-05 20:04:23 +0000


Started GET "/assets/photos.js?body=1" for 127.0.0.1 at 2015-01-05 20:04:23 +0000


Started GET "/assets/application.js?body=1" for 127.0.0.1 at 2015-01-05 20:04:23 +0000


Started GET "/" for 127.0.0.1 at 2015-01-05 20:04:29 +0000
Processing by PhotosController#index as HTML
  [1m[36m (0.3ms)[0m  [1mSELECT COUNT(*) FROM "photos"[0m
  [1m[35mPhoto Load (0.2ms)[0m  SELECT "photos".* FROM "photos"
  Rendered photos/index.html.erb within layouts/application (3.5ms)
Completed 200 OK in 29ms (Views: 27.5ms | ActiveRecord: 0.5ms)


Started GET "/assets/photos.css?body=1" for 127.0.0.1 at 2015-01-05 20:04:29 +0000


Started GET "/assets/application.css?body=1" for 127.0.0.1 at 2015-01-05 20:04:29 +0000


Started GET "/assets/photos.js?body=1" for 127.0.0.1 at 2015-01-05 20:04:29 +0000


Started GET "/assets/turbolinks.js?body=1" for 127.0.0.1 at 2015-01-05 20:04:29 +0000


Started GET "/assets/jquery.js?body=1" for 127.0.0.1 at 2015-01-05 20:04:29 +0000


Started GET "/assets/jquery_ujs.js?body=1" for 127.0.0.1 at 2015-01-05 20:04:29 +0000


Started GET "/assets/application.js?body=1" for 127.0.0.1 at 2015-01-05 20:04:29 +0000


Started DELETE "/photos/2" for 127.0.0.1 at 2015-01-05 20:04:30 +0000
Processing by PhotosController#destroy as HTML
  Parameters: {"authenticity_token"=>"9ecHknCUmdsv1wKeGIMztBs6ZbKGleuuV6driOjsxOk=", "id"=>"2"}
  [1m[36mPhoto Load (0.3ms)[0m  [1mSELECT  "photos".* FROM "photos"  WHERE "photos"."id" = $1 LIMIT 1[0m  [["id", 2]]
  [1m[35mSQL (0.9ms)[0m  DELETE FROM "photos" WHERE "photos"."id" = 2
Redirected to http://localhost:3000/photos
Completed 302 Found in 3ms (ActiveRecord: 1.2ms)


Started GET "/photos" for 127.0.0.1 at 2015-01-05 20:04:30 +0000
Processing by PhotosController#index as HTML
  [1m[36m (0.2ms)[0m  [1mSELECT COUNT(*) FROM "photos"[0m
  Rendered photos/index.html.erb within layouts/application (0.9ms)
Completed 200 OK in 24ms (Views: 23.6ms | ActiveRecord: 0.2ms)


Started GET "/assets/photos.css?body=1" for 127.0.0.1 at 2015-01-05 20:04:30 +0000


Started GET "/assets/application.css?body=1" for 127.0.0.1 at 2015-01-05 20:04:30 +0000


Started GET "/assets/photos.js?body=1" for 127.0.0.1 at 2015-01-05 20:04:30 +0000


Started GET "/assets/jquery_ujs.js?body=1" for 127.0.0.1 at 2015-01-05 20:04:30 +0000


Started GET "/assets/jquery.js?body=1" for 127.0.0.1 at 2015-01-05 20:04:30 +0000


Started GET "/assets/turbolinks.js?body=1" for 127.0.0.1 at 2015-01-05 20:04:30 +0000


Started GET "/assets/application.js?body=1" for 127.0.0.1 at 2015-01-05 20:04:30 +0000
